5179  execve("/usr/share/ruby-rvm/rubies/ruby-1.8.7-p358/bin/ruby", ["ruby", "-e", "puts \"hi\""], [/* 58 vars */]) = 0
5179  brk(0)                            = 0x8520000
5179  access("/etc/ld.so.nohwcap", F_OK) = -1 ENOENT (No such file or directory)
5179  mmap2(NULL, 8192, PROT_READ|PROT_WRITE, MAP_PRIVATE|MAP_ANONYMOUS, -1, 0) = 0xb78c5000
5179  access("/etc/ld.so.preload", R_OK) = -1 ENOENT (No such file or directory)
5179  open("/usr/share/ruby-rvm/rubies/ruby-1.8.7-p358/lib/tls/i686/sse2/cmov/libruby.so.1.8", O_RDONLY) = -1 ENOENT (No such file or directory)
5179  stat64("/usr/share/ruby-rvm/rubies/ruby-1.8.7-p358/lib/tls/i686/sse2/cmov", 0xbfb308b4) = -1 ENOENT (No such file or directory)
5179  open("/usr/share/ruby-rvm/rubies/ruby-1.8.7-p358/lib/tls/i686/sse2/libruby.so.1.8", O_RDONLY) = -1 ENOENT (No such file or directory)
5179  stat64("/usr/share/ruby-rvm/rubies/ruby-1.8.7-p358/lib/tls/i686/sse2", 0xbfb308b4) = -1 ENOENT (No such file or directory)
5179  open("/usr/share/ruby-rvm/rubies/ruby-1.8.7-p358/lib/tls/i686/cmov/libruby.so.1.8", O_RDONLY) = -1 ENOENT (No such file or directory)
5179  stat64("/usr/share/ruby-rvm/rubies/ruby-1.8.7-p358/lib/tls/i686/cmov", 0xbfb308b4) = -1 ENOENT (No such file or directory)
5179  open("/usr/share/ruby-rvm/rubies/ruby-1.8.7-p358/lib/tls/i686/libruby.so.1.8", O_RDONLY) = -1 ENOENT (No such file or directory)
5179  stat64("/usr/share/ruby-rvm/rubies/ruby-1.8.7-p358/lib/tls/i686", 0xbfb308b4) = -1 ENOENT (No such file or directory)
5179  open("/usr/share/ruby-rvm/rubies/ruby-1.8.7-p358/lib/tls/sse2/cmov/libruby.so.1.8", O_RDONLY) = -1 ENOENT (No such file or directory)
5179  stat64("/usr/share/ruby-rvm/rubies/ruby-1.8.7-p358/lib/tls/sse2/cmov", 0xbfb308b4) = -1 ENOENT (No such file or directory)
5179  open("/usr/share/ruby-rvm/rubies/ruby-1.8.7-p358/lib/tls/sse2/libruby.so.1.8", O_RDONLY) = -1 ENOENT (No such file or directory)
5179  stat64("/usr/share/ruby-rvm/rubies/ruby-1.8.7-p358/lib/tls/sse2", 0xbfb308b4) = -1 ENOENT (No such file or directory)
5179  open("/usr/share/ruby-rvm/rubies/ruby-1.8.7-p358/lib/tls/cmov/libruby.so.1.8", O_RDONLY) = -1 ENOENT (No such file or directory)
5179  stat64("/usr/share/ruby-rvm/rubies/ruby-1.8.7-p358/lib/tls/cmov", 0xbfb308b4) = -1 ENOENT (No such file or directory)
5179  open("/usr/share/ruby-rvm/rubies/ruby-1.8.7-p358/lib/tls/libruby.so.1.8", O_RDONLY) = -1 ENOENT (No such file or directory)
5179  stat64("/usr/share/ruby-rvm/rubies/ruby-1.8.7-p358/lib/tls", 0xbfb308b4) = -1 ENOENT (No such file or directory)
5179  open("/usr/share/ruby-rvm/rubies/ruby-1.8.7-p358/lib/i686/sse2/cmov/libruby.so.1.8", O_RDONLY) = -1 ENOENT (No such file or directory)
5179  stat64("/usr/share/ruby-rvm/rubies/ruby-1.8.7-p358/lib/i686/sse2/cmov", 0xbfb308b4) = -1 ENOENT (No such file or directory)
5179  open("/usr/share/ruby-rvm/rubies/ruby-1.8.7-p358/lib/i686/sse2/libruby.so.1.8", O_RDONLY) = -1 ENOENT (No such file or directory)
5179  stat64("/usr/share/ruby-rvm/rubies/ruby-1.8.7-p358/lib/i686/sse2", 0xbfb308b4) = -1 ENOENT (No such file or directory)
5179  open("/usr/share/ruby-rvm/rubies/ruby-1.8.7-p358/lib/i686/cmov/libruby.so.1.8", O_RDONLY) = -1 ENOENT (No such file or directory)
5179  stat64("/usr/share/ruby-rvm/rubies/ruby-1.8.7-p358/lib/i686/cmov", 0xbfb308b4) = -1 ENOENT (No such file or directory)
5179  open("/usr/share/ruby-rvm/rubies/ruby-1.8.7-p358/lib/i686/libruby.so.1.8", O_RDONLY) = -1 ENOENT (No such file or directory)
5179  stat64("/usr/share/ruby-rvm/rubies/ruby-1.8.7-p358/lib/i686", 0xbfb308b4) = -1 ENOENT (No such file or directory)
5179  open("/usr/share/ruby-rvm/rubies/ruby-1.8.7-p358/lib/sse2/cmov/libruby.so.1.8", O_RDONLY) = -1 ENOENT (No such file or directory)
5179  stat64("/usr/share/ruby-rvm/rubies/ruby-1.8.7-p358/lib/sse2/cmov", 0xbfb308b4) = -1 ENOENT (No such file or directory)
5179  open("/usr/share/ruby-rvm/rubies/ruby-1.8.7-p358/lib/sse2/libruby.so.1.8", O_RDONLY) = -1 ENOENT (No such file or directory)
5179  stat64("/usr/share/ruby-rvm/rubies/ruby-1.8.7-p358/lib/sse2", 0xbfb308b4) = -1 ENOENT (No such file or directory)
5179  open("/usr/share/ruby-rvm/rubies/ruby-1.8.7-p358/lib/cmov/libruby.so.1.8", O_RDONLY) = -1 ENOENT (No such file or directory)
5179  stat64("/usr/share/ruby-rvm/rubies/ruby-1.8.7-p358/lib/cmov", 0xbfb308b4) = -1 ENOENT (No such file or directory)
5179  open("/usr/share/ruby-rvm/rubies/ruby-1.8.7-p358/lib/libruby.so.1.8", O_RDONLY) = 3
5179  read(3, "\177ELF\1\1\1\0\0\0\0\0\0\0\0\0\3\0\3\0\1\0\0\0\220\377\0\0004\0\0\0"..., 512) = 512
5179  fstat64(3, {st_mode=S_IFREG|0755, st_size=2346040, ...}) = 0
5179  mmap2(NULL, 1021592, PROT_READ|PROT_EXEC, MAP_PRIVATE|MAP_DENYWRITE, 3, 0) = 0xc47000
5179  mmap2(0xd2e000, 12288, PROT_READ|PROT_WRITE, MAP_PRIVATE|MAP_FIXED|MAP_DENYWRITE, 3, 0xe7) = 0xd2e000
5179  mmap2(0xd31000, 63128, PROT_READ|PROT_WRITE, MAP_PRIVATE|MAP_FIXED|MAP_ANONYMOUS, -1, 0) = 0xd31000
5179  close(3)                          = 0
5179  open("/usr/share/ruby-rvm/rubies/ruby-1.8.7-p358/lib/libc.so.6", O_RDONLY) = -1 ENOENT (No such file or directory)
5179  open("/etc/ld.so.cache", O_RDONLY) = 3
5179  fstat64(3, {st_mode=S_IFREG|0644, st_size=83446, ...}) = 0
5179  mmap2(NULL, 83446, PROT_READ, MAP_PRIVATE, 3, 0) = 0xb78b0000
5179  close(3)                          = 0
5179  access("/etc/ld.so.nohwcap", F_OK) = -1 ENOENT (No such file or directory)
5179  open("/lib/i386-linux-gnu/libc.so.6", O_RDONLY) = 3
5179  read(3, "\177ELF\1\1\1\0\0\0\0\0\0\0\0\0\3\0\3\0\1\0\0\0p\222\1\0004\0\0\0"..., 512) = 512
5179  fstat64(3, {st_mode=S_IFREG|0755, st_size=1544392, ...}) = 0
5179  mmap2(NULL, 1554968, PROT_READ|PROT_EXEC, MAP_PRIVATE|MAP_DENYWRITE, 3, 0) = 0x528000
5179  mmap2(0x69e000, 12288, PROT_READ|PROT_WRITE, MAP_PRIVATE|MAP_FIXED|MAP_DENYWRITE, 3, 0x176) = 0x69e000
5179  mmap2(0x6a1000, 10776, PROT_READ|PROT_WRITE, MAP_PRIVATE|MAP_FIXED|MAP_ANONYMOUS, -1, 0) = 0x6a1000
5179  close(3)                          = 0
5179  open("/usr/share/ruby-rvm/rubies/ruby-1.8.7-p358/lib/librt.so.1", O_RDONLY) = -1 ENOENT (No such file or directory)
5179  access("/etc/ld.so.nohwcap", F_OK) = -1 ENOENT (No such file or directory)
5179  open("/lib/i386-linux-gnu/librt.so.1", O_RDONLY) = 3
5179  read(3, "\177ELF\1\1\1\0\0\0\0\0\0\0\0\0\3\0\3\0\1\0\0\0\260\30\0\0004\0\0\0"..., 512) = 512
5179  fstat64(3, {st_mode=S_IFREG|0644, st_size=30684, ...}) = 0
5179  mmap2(NULL, 4096, PROT_READ|PROT_WRITE, MAP_PRIVATE|MAP_ANONYMOUS, -1, 0) = 0xb78af000
5179  mmap2(NULL, 33364, PROT_READ|PROT_EXEC, MAP_PRIVATE|MAP_DENYWRITE, 3, 0) = 0xe6e000
5179  mmap2(0xe75000, 8192, PROT_READ|PROT_WRITE, MAP_PRIVATE|MAP_FIXED|MAP_DENYWRITE, 3, 0x6) = 0xe75000
5179  close(3)                          = 0
5179  open("/usr/share/ruby-rvm/rubies/ruby-1.8.7-p358/lib/libdl.so.2", O_RDONLY) = -1 ENOENT (No such file or directory)
5179  access("/etc/ld.so.nohwcap", F_OK) = -1 ENOENT (No such file or directory)
5179  open("/lib/i386-linux-gnu/libdl.so.2", O_RDONLY) = 3
5179  read(3, "\177ELF\1\1\1\0\0\0\0\0\0\0\0\0\3\0\3\0\1\0\0\0`\n\0\0004\0\0\0"..., 512) = 512
5179  fstat64(3, {st_mode=S_IFREG|0644, st_size=13940, ...}) = 0
5179  mmap2(NULL, 16504, PROT_READ|PROT_EXEC, MAP_PRIVATE|MAP_DENYWRITE, 3, 0) = 0xa37000
5179  mmap2(0xa3a000, 8192, PROT_READ|PROT_WRITE, MAP_PRIVATE|MAP_FIXED|MAP_DENYWRITE, 3, 0x2) = 0xa3a000
5179  close(3)                          = 0
5179  open("/usr/share/ruby-rvm/rubies/ruby-1.8.7-p358/lib/libcrypt.so.1", O_RDONLY) = -1 ENOENT (No such file or directory)
5179  access("/etc/ld.so.nohwcap", F_OK) = -1 ENOENT (No such file or directory)
5179  open("/lib/i386-linux-gnu/libcrypt.so.1", O_RDONLY) = 3
5179  read(3, "\177ELF\1\1\1\0\0\0\0\0\0\0\0\0\3\0\3\0\1\0\0\0p\7\0\0004\0\0\0"..., 512) = 512
5179  fstat64(3, {st_mode=S_IFREG|0644, st_size=34320, ...}) = 0
5179  mmap2(NULL, 196924, PROT_READ|PROT_EXEC, MAP_PRIVATE|MAP_DENYWRITE, 3, 0) = 0xeac000
5179  mmap2(0xeb4000, 8192, PROT_READ|PROT_WRITE, MAP_PRIVATE|MAP_FIXED|MAP_DENYWRITE, 3, 0x7) = 0xeb4000
5179  mmap2(0xeb6000, 155964, PROT_READ|PROT_WRITE, MAP_PRIVATE|MAP_FIXED|MAP_ANONYMOUS, -1, 0) = 0xeb6000
5179  close(3)                          = 0
5179  open("/usr/share/ruby-rvm/rubies/ruby-1.8.7-p358/lib/libm.so.6", O_RDONLY) = -1 ENOENT (No such file or directory)
5179  access("/etc/ld.so.nohwcap", F_OK) = -1 ENOENT (No such file or directory)
5179  open("/lib/i386-linux-gnu/libm.so.6", O_RDONLY) = 3
5179  read(3, "\177ELF\1\1\1\0\0\0\0\0\0\0\0\0\3\0\3\0\1\0\0\0\2604\0\0004\0\0\0"..., 512) = 512
5179  fstat64(3, {st_mode=S_IFREG|0644, st_size=169476, ...}) = 0
5179  mmap2(NULL, 168064, PROT_READ|PROT_EXEC, MAP_PRIVATE|MAP_DENYWRITE, 3, 0) = 0x261000
5179  mmap2(0x289000, 8192, PROT_READ|PROT_WRITE, MAP_PRIVATE|MAP_FIXED|MAP_DENYWRITE, 3, 0x28) = 0x289000
5179  close(3)                          = 0
5179  open("/usr/share/ruby-rvm/rubies/ruby-1.8.7-p358/lib/libpthread.so.0", O_RDONLY) = -1 ENOENT (No such file or directory)
5179  access("/etc/ld.so.nohwcap", F_OK) = -1 ENOENT (No such file or directory)
5179  open("/lib/i386-linux-gnu/libpthread.so.0", O_RDONLY) = 3
5179  read(3, "\177ELF\1\1\1\0\0\0\0\0\0\0\0\0\3\0\3\0\1\0\0\0\200[\0\0004\0\0\0"..., 512) = 512
5179  fstat64(3, {st_mode=S_IFREG|0755, st_size=124745, ...}) = 0
5179  mmap2(NULL, 107016, PROT_READ|PROT_EXEC, MAP_PRIVATE|MAP_DENYWRITE, 3, 0) = 0x110000
5179  mmap2(0x127000, 8192, PROT_READ|PROT_WRITE, MAP_PRIVATE|MAP_FIXED|MAP_DENYWRITE, 3, 0x16) = 0x127000
5179  mmap2(0x129000, 4616, PROT_READ|PROT_WRITE, MAP_PRIVATE|MAP_FIXED|MAP_ANONYMOUS, -1, 0) = 0x129000
5179  close(3)                          = 0
5179  mmap2(NULL, 4096, PROT_READ|PROT_WRITE, MAP_PRIVATE|MAP_ANONYMOUS, -1, 0) = 0xb78ae000
5179  mmap2(NULL, 4096, PROT_READ|PROT_WRITE, MAP_PRIVATE|MAP_ANONYMOUS, -1, 0) = 0xb78ad000
5179  set_thread_area({entry_number:-1 -> 6, base_addr:0xb78ad6c0, limit:1048575, seg_32bit:1, contents:0, read_exec_only:0, limit_in_pages:1, seg_not_present:0, useable:1}) = 0
5179  mprotect(0x127000, 4096, PROT_READ) = 0
5179  mprotect(0x289000, 4096, PROT_READ) = 0
5179  mprotect(0xeb4000, 4096, PROT_READ) = 0
5179  mprotect(0xa3a000, 4096, PROT_READ) = 0
5179  mprotect(0xe75000, 4096, PROT_READ) = 0
5179  mprotect(0x69e000, 8192, PROT_READ) = 0
5179  mprotect(0xd2e000, 4096, PROT_READ) = 0
5179  mprotect(0x8049000, 4096, PROT_READ) = 0
5179  mprotect(0x799000, 4096, PROT_READ) = 0
5179  munmap(0xb78b0000, 83446)         = 0
5179  set_tid_address(0xb78ad728)       = 5179
5179  set_robust_list(0xb78ad730, 0xc)  = 0
5179  futex(0xbfb30e2c, FUTEX_WAKE_PRIVATE, 1) = 0
5179  futex(0xbfb30e2c, FUTEX_WAIT_BITSET_PRIVATE|FUTEX_CLOCK_REALTIME, 1, NULL, b78ad6c0) = -1 EAGAIN (Resource temporarily unavailable)
5179  rt_sigaction(SIGRTMIN, {0x115530, [], SA_SIGINFO}, NULL, 8) = 0
5179  rt_sigaction(SIGRT_1, {0x1155b0, [], SA_RESTART|SA_SIGINFO}, NULL, 8) = 0
5179  rt_sigprocmask(SIG_UNBLOCK, [RTMIN RT_1], NULL, 8) = 0
5179  getrlimit(RLIMIT_STACK, {rlim_cur=8192*1024, rlim_max=RLIM_INFINITY}) = 0
5179  uname({sys="Linux", node="PC88", ...}) = 0
5179  SYS_340(0, 0x3, 0, 0xbfb30e10, 0x69fff4) = 0
5179  brk(0)                            = 0x8520000
5179  brk(0x8541000)                    = 0x8541000
5179  mmap2(NULL, 200704, PROT_READ|PROT_WRITE, MAP_PRIVATE|MAP_ANONYMOUS, -1, 0) = 0xb787c000
5179  open("/dev/urandom", O_RDONLY|O_NOCTTY|O_NONBLOCK|O_LARGEFILE|O_NOFOLLOW) = 3
5179  fstat64(3, {st_mode=S_IFCHR|0666, st_rdev=makedev(1, 9), ...}) = 0
5179  read(3, "\233\214C|o\330~\205b\17sT(9\307\331", 16) = 16
5179  close(3)                          = 0
5179  gettimeofday({1333100479, 250249}, NULL) = 0
5179  brk(0x8562000)                    = 0x8562000
5179  rt_sigaction(SIGINT, {0xcdc9d0, [], 0}, {SIG_DFL, [], 0}, 8) = 0
5179  rt_sigaction(SIGHUP, {0xcdc9d0, [], 0}, {SIG_DFL, [], 0}, 8) = 0
5179  rt_sigaction(SIGQUIT, {0xcdc9d0, [], 0}, {SIG_DFL, [], 0}, 8) = 0
5179  rt_sigaction(SIGTERM, {0xcdc9d0, [], 0}, {SIG_DFL, [], 0}, 8) = 0
5179  rt_sigaction(SIGALRM, {0xcdc9d0, [], 0}, {SIG_DFL, [], 0}, 8) = 0
5179  rt_sigaction(SIGUSR1, {0xcdc9d0, [], 0}, {SIG_DFL, [], 0}, 8) = 0
5179  rt_sigaction(SIGUSR2, {0xcdc9d0, [], 0}, {SIG_DFL, [], 0}, 8) = 0
5179  rt_sigaction(SIGBUS, {0xcdc420, [], 0}, {SIG_DFL, [], 0}, 8) = 0
5179  rt_sigaction(SIGSEGV, {0xcdc3f0, [], 0}, {SIG_DFL, [], 0}, 8) = 0
5179  rt_sigaction(SIGPIPE, {0xcdc2b0, [], 0}, {SIG_DFL, [], 0}, 8) = 0
5179  rt_sigprocmask(SIG_BLOCK, ~[RTMIN RT_1], [], 8) = 0
5179  rt_sigaction(SIGCHLD, {SIG_DFL, [], 0}, {SIG_DFL, [], 0}, 8) = 0
5179  rt_sigprocmask(SIG_SETMASK, [], NULL, 8) = 0
5179  geteuid32()                       = 1000
5179  getegid32()                       = 1000
5179  getuid32()                        = 1000
5179  geteuid32()                       = 1000
5179  getgid32()                        = 1000
5179  getegid32()                       = 1000
5179  fstat64(1, {st_mode=S_IFCHR|0620, st_rdev=makedev(136, 2), ...}) = 0
5179  mmap2(NULL, 4096, PROT_READ|PROT_WRITE, MAP_PRIVATE|MAP_ANONYMOUS, -1, 0) = 0xb78c4000
5179  write(1, "hi\n", 3)               = 3
5179  rt_sigaction(SIGINT, {SIG_DFL, [INT], SA_RESTART}, {0xcdc9d0, [], 0}, 8) = 0
5179  exit_group(0)                     = ?
